<?xml version="1.0" encoding="UTF-8"?>
<!-- Generated by org.testng.reporters.JUnitReportReporter -->
<testsuite hostname="EEEPc0160" failures="0" tests="4" name="com.tvsm2.TestCases.AddVehicleTest" time="218.972" errors="3" timestamp="2019-09-16T16:22:47 IST" skipped="1">
  <testcase classname="com.tvsm2.TestCases.AddVehicleTest" name="delete_vehicle_test" time="199.426">
    <skipped/>
  </testcase> <!-- delete_vehicle_test -->
  <testcase classname="com.tvsm2.TestCases.AddVehicleTest" name="logout" time="2.616">
    <error message="An element could not be located on the page using the given search parameters. (WARNING: The server did not provide any stacktrace information)
Command duration or timeout: 0 milliseconds
For documentation on this error, please visit: https://www.seleniumhq.org/exceptions/no_such_element.html
Build info: version: &#039;3.141.59&#039;, revision: &#039;e82be7d358&#039;, time: &#039;2018-11-14T08:17:03&#039;
System info: host: &#039;EEEPC0160&#039;, ip: &#039;172.16.10.67&#039;, os.name: &#039;Windows 8.1&#039;, os.arch: &#039;amd64&#039;, os.version: &#039;6.3&#039;, java.version: &#039;12.0.2&#039;
Driver info: io.appium.java_client.android.AndroidDriver
Capabilities {adbPort: 15026, appActivity: com.tvsm.connect.SplashActi..., appPackage: com.tvsm.connect, appiumVersion: 1.14.0, autoGrantPermissions: true, cacheId: 16d2a5ccd7a, chromedriverChromeMappingFile: /root/.testobject_devices/w..., chromedriverExecutableDir: /root/.testobject_devices/w..., chromedriverPorts: [[26260, 26270]], databaseEnabled: false, desired: {adbPort: 15026, appActivity: com.tvsm.connect.SplashActi..., appPackage: com.tvsm.connect, appiumVersion: 1.14.0, autoGrantPermissions: true, cacheId: 16d2a5ccd7a, chromedriverChromeMappingFile: /root/.testobject_devices/w..., chromedriverExecutableDir: /root/.testobject_devices/w..., chromedriverPorts: [[26260, 26270]], deviceName: Motorola_Moto_G6_free, deviceOrientation: portrait, name: TVSM Sample Test, noReset: false, platform: ANDROID, platformName: Android, suppressKillServer: true, systemPort: 8226, testobject_api_key: 083D5A39FAD945F5800713594D0..., testobject_app_id: 1, testobject_appium_version: 1.14.0, testobject_device: Motorola_Moto_G6_free, testobject_platform_name: Android, testobject_test_name: TVSM Sample Test, usedCachedDevice: false, version: }, deviceApiLevel: 26, deviceContextId: b340753b-c9ac-4a9e-806d-da0..., deviceManufacturer: motorola, deviceModel: moto g(6), deviceName: 127.0.0.1:16000, deviceOrientation: portrait, deviceScreenDensity: 480, deviceScreenSize: 1080x2160, deviceUDID: 127.0.0.1:16000, javascriptEnabled: true, locationContextEnabled: false, name: TVSM Sample Test, networkConnectionEnabled: true, noReset: false, pixelRatio: 3, platform: ANDROID, platformName: Android, platformVersion: 8.0.0, statBarHeight: 72, suppressKillServer: true, systemPort: 8226, takesScreenshot: true, testobject_api_key: 083D5A39FAD945F5800713594D0..., testobject_app_id: 1, testobject_appium_version: 1.14.0, testobject_device: Motorola_Moto_G6_free, testobject_device_name: Motorola Moto G6, testobject_device_session_id: 3059aab9-2211-4e00-89bd-761..., testobject_platform_name: Android, testobject_project_id: tvs-connect, testobject_test_live_view_url: https://app.testobject.com/..., testobject_test_name: TVSM Sample Test, testobject_test_report_api_url: https://app.testobject.com/..., testobject_test_report_id: 12, testobject_test_report_url: https://app.testobject.com/..., testobject_user_id: deshmanedr, usedCachedDevice: false, version: , viewportRect: {height: 1944, left: 0, top: 72, width: 1080}, warnings: {}, webStorageEnabled: false}
Session ID: 4dbae54a-2f8d-4ee9-b981-51483f567bcf
*** Element info: {Using=xpath, value=//*[@id=&#039;imgBack&#039;]}" type="org.openqa.selenium.NoSuchElementException">
      <![CDATA[org.openqa.selenium.NoSuchElementException: An element could not be located on the page using the given search parameters. (WARNING: The server did not provide any stacktrace information)
Command duration or timeout: 0 milliseconds
For documentation on this error, please visit: https://www.seleniumhq.org/exceptions/no_such_element.html
Build info: version: '3.141.59', revision: 'e82be7d358', time: '2018-11-14T08:17:03'
System info: host: 'EEEPC0160', ip: '172.16.10.67', os.name: 'Windows 8.1', os.arch: 'amd64', os.version: '6.3', java.version: '12.0.2'
Driver info: io.appium.java_client.android.AndroidDriver
Capabilities {adbPort: 15026, appActivity: com.tvsm.connect.SplashActi..., appPackage: com.tvsm.connect, appiumVersion: 1.14.0, autoGrantPermissions: true, cacheId: 16d2a5ccd7a, chromedriverChromeMappingFile: /root/.testobject_devices/w..., chromedriverExecutableDir: /root/.testobject_devices/w..., chromedriverPorts: [[26260, 26270]], databaseEnabled: false, desired: {adbPort: 15026, appActivity: com.tvsm.connect.SplashActi..., appPackage: com.tvsm.connect, appiumVersion: 1.14.0, autoGrantPermissions: true, cacheId: 16d2a5ccd7a, chromedriverChromeMappingFile: /root/.testobject_devices/w..., chromedriverExecutableDir: /root/.testobject_devices/w..., chromedriverPorts: [[26260, 26270]], deviceName: Motorola_Moto_G6_free, deviceOrientation: portrait, name: TVSM Sample Test, noReset: false, platform: ANDROID, platformName: Android, suppressKillServer: true, systemPort: 8226, testobject_api_key: 083D5A39FAD945F5800713594D0..., testobject_app_id: 1, testobject_appium_version: 1.14.0, testobject_device: Motorola_Moto_G6_free, testobject_platform_name: Android, testobject_test_name: TVSM Sample Test, usedCachedDevice: false, version: }, deviceApiLevel: 26, deviceContextId: b340753b-c9ac-4a9e-806d-da0..., deviceManufacturer: motorola, deviceModel: moto g(6), deviceName: 127.0.0.1:16000, deviceOrientation: portrait, deviceScreenDensity: 480, deviceScreenSize: 1080x2160, deviceUDID: 127.0.0.1:16000, javascriptEnabled: true, locationContextEnabled: false, name: TVSM Sample Test, networkConnectionEnabled: true, noReset: false, pixelRatio: 3, platform: ANDROID, platformName: Android, platformVersion: 8.0.0, statBarHeight: 72, suppressKillServer: true, systemPort: 8226, takesScreenshot: true, testobject_api_key: 083D5A39FAD945F5800713594D0..., testobject_app_id: 1, testobject_appium_version: 1.14.0, testobject_device: Motorola_Moto_G6_free, testobject_device_name: Motorola Moto G6, testobject_device_session_id: 3059aab9-2211-4e00-89bd-761..., testobject_platform_name: Android, testobject_project_id: tvs-connect, testobject_test_live_view_url: https://app.testobject.com/..., testobject_test_name: TVSM Sample Test, testobject_test_report_api_url: https://app.testobject.com/..., testobject_test_report_id: 12, testobject_test_report_url: https://app.testobject.com/..., testobject_user_id: deshmanedr, usedCachedDevice: false, version: , viewportRect: {height: 1944, left: 0, top: 72, width: 1080}, warnings: {}, webStorageEnabled: false}
Session ID: 4dbae54a-2f8d-4ee9-b981-51483f567bcf
*** Element info: {Using=xpath, value=//*[@id='imgBack']}
at java.base/jdk.internal.reflect.NativeConstructorAccessorImpl.newInstance0(Native Method)
at java.base/jdk.internal.reflect.NativeConstructorAccessorImpl.newInstance(NativeConstructorAccessorImpl.java:62)
at java.base/jdk.internal.reflect.DelegatingConstructorAccessorImpl.newInstance(DelegatingConstructorAccessorImpl.java:45)
at java.base/java.lang.reflect.Constructor.newInstanceWithCaller(Constructor.java:500)
at java.base/java.lang.reflect.Constructor.newInstance(Constructor.java:481)
at org.openqa.selenium.remote.ErrorHandler.createThrowable(ErrorHandler.java:214)
at org.openqa.selenium.remote.ErrorHandler.throwIfResponseFailed(ErrorHandler.java:166)
at org.openqa.selenium.remote.http.JsonHttpResponseCodec.reconstructValue(JsonHttpResponseCodec.java:40)
at org.openqa.selenium.remote.http.AbstractHttpResponseCodec.decode(AbstractHttpResponseCodec.java:80)
at org.openqa.selenium.remote.http.AbstractHttpResponseCodec.decode(AbstractHttpResponseCodec.java:44)
at org.openqa.selenium.remote.HttpCommandExecutor.execute(HttpCommandExecutor.java:158)
at io.appium.java_client.remote.AppiumCommandExecutor.execute(AppiumCommandExecutor.java:239)
at org.openqa.selenium.remote.RemoteWebDriver.execute(RemoteWebDriver.java:552)
at io.appium.java_client.DefaultGenericMobileDriver.execute(DefaultGenericMobileDriver.java:42)
at io.appium.java_client.AppiumDriver.execute(AppiumDriver.java:1)
at io.appium.java_client.android.AndroidDriver.execute(AndroidDriver.java:1)
at org.openqa.selenium.remote.RemoteWebDriver.findElement(RemoteWebDriver.java:323)
at io.appium.java_client.DefaultGenericMobileDriver.findElement(DefaultGenericMobileDriver.java:62)
at io.appium.java_client.AppiumDriver.findElement(AppiumDriver.java:1)
at io.appium.java_client.android.AndroidDriver.findElement(AndroidDriver.java:1)
at org.openqa.selenium.remote.RemoteWebDriver.findElementByXPath(RemoteWebDriver.java:428)
at io.appium.java_client.DefaultGenericMobileDriver.findElementByXPath(DefaultGenericMobileDriver.java:152)
at io.appium.java_client.AppiumDriver.findElementByXPath(AppiumDriver.java:1)
at io.appium.java_client.android.AndroidDriver.findElementByXPath(AndroidDriver.java:1)
at org.openqa.selenium.By$ByXPath.findElement(By.java:353)
at org.openqa.selenium.remote.RemoteWebDriver.findElement(RemoteWebDriver.java:315)
at io.appium.java_client.DefaultGenericMobileDriver.findElement(DefaultGenericMobileDriver.java:58)
at io.appium.java_client.AppiumDriver.findElement(AppiumDriver.java:1)
at io.appium.java_client.android.AndroidDriver.findElement(AndroidDriver.java:1)
at com.tvsm2.Base.TestBaseClass.Logout(TestBaseClass.java:157)
at com.tvsm2.TestCases.AddVehicleTest.logout(AddVehicleTest.java:49)
at java.base/jdk.internal.reflect.NativeMethodAccessorImpl.invoke0(Native Method)
at java.base/jdk.internal.reflect.NativeMethodAccessorImpl.invoke(NativeMethodAccessorImpl.java:62)
at java.base/jdk.internal.reflect.DelegatingMethodAccessorImpl.invoke(DelegatingMethodAccessorImpl.java:43)
at java.base/java.lang.reflect.Method.invoke(Method.java:567)
at org.testng.internal.MethodInvocationHelper.invokeMethod(MethodInvocationHelper.java:133)
at org.testng.internal.MethodInvocationHelper.invokeMethodConsideringTimeout(MethodInvocationHelper.java:62)
at org.testng.internal.ConfigInvoker.invokeConfigurationMethod(ConfigInvoker.java:340)
at org.testng.internal.ConfigInvoker.invokeConfigurations(ConfigInvoker.java:294)
at org.testng.internal.TestInvoker.runConfigMethods(TestInvoker.java:683)
at org.testng.internal.TestInvoker.runAfterGroupsConfigurations(TestInvoker.java:658)
at org.testng.internal.TestInvoker.invokeMethod(TestInvoker.java:642)
at org.testng.internal.TestInvoker.invokeTestMethod(TestInvoker.java:172)
at org.testng.internal.MethodRunner.runInSequence(MethodRunner.java:46)
at org.testng.internal.TestInvoker$MethodInvocationAgent.invoke(TestInvoker.java:804)
at org.testng.internal.TestInvoker.invokeTestMethods(TestInvoker.java:145)
at org.testng.internal.TestMethodWorker.invokeTestMethods(TestMethodWorker.java:146)
at org.testng.internal.TestMethodWorker.run(TestMethodWorker.java:128)
at java.base/java.util.ArrayList.forEach(ArrayList.java:1540)
at org.testng.TestRunner.privateRun(TestRunner.java:770)
at org.testng.TestRunner.run(TestRunner.java:591)
at org.testng.SuiteRunner.runTest(SuiteRunner.java:402)
at org.testng.SuiteRunner.runSequentially(SuiteRunner.java:396)
at org.testng.SuiteRunner.privateRun(SuiteRunner.java:355)
at org.testng.SuiteRunner.run(SuiteRunner.java:304)
at org.testng.SuiteRunnerWorker.runSuite(SuiteRunnerWorker.java:53)
at org.testng.SuiteRunnerWorker.run(SuiteRunnerWorker.java:96)
at org.testng.TestNG.runSuitesSequentially(TestNG.java:1180)
at org.testng.TestNG.runSuitesLocally(TestNG.java:1102)
at org.testng.TestNG.runSuites(TestNG.java:1032)
at org.testng.TestNG.run(TestNG.java:1000)
at org.testng.remote.AbstractRemoteTestNG.run(AbstractRemoteTestNG.java:115)
at org.testng.remote.RemoteTestNG.initAndRun(RemoteTestNG.java:251)
at org.testng.remote.RemoteTestNG.main(RemoteTestNG.java:77)
]]>
    </error>
  </testcase> <!-- logout -->
  <testcase classname="com.tvsm2.TestCases.AddVehicleTest" name="getResult" time="0.001">
    <error type="java.lang.NullPointerException">
      <![CDATA[java.lang.NullPointerException
at com.tvsm2.Base.TestBaseClass.getResult(TestBaseClass.java:117)
at java.base/jdk.internal.reflect.NativeMethodAccessorImpl.invoke0(Native Method)
at java.base/jdk.internal.reflect.NativeMethodAccessorImpl.invoke(NativeMethodAccessorImpl.java:62)
at java.base/jdk.internal.reflect.DelegatingMethodAccessorImpl.invoke(DelegatingMethodAccessorImpl.java:43)
at java.base/java.lang.reflect.Method.invoke(Method.java:567)
at org.testng.internal.MethodInvocationHelper.invokeMethod(MethodInvocationHelper.java:133)
at org.testng.internal.MethodInvocationHelper.invokeMethodConsideringTimeout(MethodInvocationHelper.java:62)
at org.testng.internal.ConfigInvoker.invokeConfigurationMethod(ConfigInvoker.java:340)
at org.testng.internal.ConfigInvoker.invokeConfigurations(ConfigInvoker.java:294)
at org.testng.internal.TestInvoker.runConfigMethods(TestInvoker.java:683)
at org.testng.internal.TestInvoker.runAfterGroupsConfigurations(TestInvoker.java:658)
at org.testng.internal.TestInvoker.invokeMethod(TestInvoker.java:642)
at org.testng.internal.TestInvoker.invokeTestMethod(TestInvoker.java:172)
at org.testng.internal.MethodRunner.runInSequence(MethodRunner.java:46)
at org.testng.internal.TestInvoker$MethodInvocationAgent.invoke(TestInvoker.java:804)
at org.testng.internal.TestInvoker.invokeTestMethods(TestInvoker.java:145)
at org.testng.internal.TestMethodWorker.invokeTestMethods(TestMethodWorker.java:146)
at org.testng.internal.TestMethodWorker.run(TestMethodWorker.java:128)
at java.base/java.util.ArrayList.forEach(ArrayList.java:1540)
at org.testng.TestRunner.privateRun(TestRunner.java:770)
at org.testng.TestRunner.run(TestRunner.java:591)
at org.testng.SuiteRunner.runTest(SuiteRunner.java:402)
at org.testng.SuiteRunner.runSequentially(SuiteRunner.java:396)
at org.testng.SuiteRunner.privateRun(SuiteRunner.java:355)
at org.testng.SuiteRunner.run(SuiteRunner.java:304)
at org.testng.SuiteRunnerWorker.runSuite(SuiteRunnerWorker.java:53)
at org.testng.SuiteRunnerWorker.run(SuiteRunnerWorker.java:96)
at org.testng.TestNG.runSuitesSequentially(TestNG.java:1180)
at org.testng.TestNG.runSuitesLocally(TestNG.java:1102)
at org.testng.TestNG.runSuites(TestNG.java:1032)
at org.testng.TestNG.run(TestNG.java:1000)
at org.testng.remote.AbstractRemoteTestNG.run(AbstractRemoteTestNG.java:115)
at org.testng.remote.RemoteTestNG.initAndRun(RemoteTestNG.java:251)
at org.testng.remote.RemoteTestNG.main(RemoteTestNG.java:77)
]]>
    </error>
  </testcase> <!-- getResult -->
  <testcase classname="com.tvsm2.TestCases.AddVehicleTest" name="add_vehicle_test" time="16.929">
    <error type="java.lang.NullPointerException">
      <![CDATA[java.lang.NullPointerException
at com.tvsm2.TestCases.AddVehicleTest.add_vehicle_test(AddVehicleTest.java:23)
at java.base/jdk.internal.reflect.NativeMethodAccessorImpl.invoke0(Native Method)
at java.base/jdk.internal.reflect.NativeMethodAccessorImpl.invoke(NativeMethodAccessorImpl.java:62)
at java.base/jdk.internal.reflect.DelegatingMethodAccessorImpl.invoke(DelegatingMethodAccessorImpl.java:43)
at java.base/java.lang.reflect.Method.invoke(Method.java:567)
at org.testng.internal.MethodInvocationHelper.invokeMethod(MethodInvocationHelper.java:133)
at org.testng.internal.TestInvoker.invokeMethod(TestInvoker.java:584)
at org.testng.internal.TestInvoker.invokeTestMethod(TestInvoker.java:172)
at org.testng.internal.MethodRunner.runInSequence(MethodRunner.java:46)
at org.testng.internal.TestInvoker$MethodInvocationAgent.invoke(TestInvoker.java:804)
at org.testng.internal.TestInvoker.invokeTestMethods(TestInvoker.java:145)
at org.testng.internal.TestMethodWorker.invokeTestMethods(TestMethodWorker.java:146)
at org.testng.internal.TestMethodWorker.run(TestMethodWorker.java:128)
at java.base/java.util.ArrayList.forEach(ArrayList.java:1540)
at org.testng.TestRunner.privateRun(TestRunner.java:770)
at org.testng.TestRunner.run(TestRunner.java:591)
at org.testng.SuiteRunner.runTest(SuiteRunner.java:402)
at org.testng.SuiteRunner.runSequentially(SuiteRunner.java:396)
at org.testng.SuiteRunner.privateRun(SuiteRunner.java:355)
at org.testng.SuiteRunner.run(SuiteRunner.java:304)
at org.testng.SuiteRunnerWorker.runSuite(SuiteRunnerWorker.java:53)
at org.testng.SuiteRunnerWorker.run(SuiteRunnerWorker.java:96)
at org.testng.TestNG.runSuitesSequentially(TestNG.java:1180)
at org.testng.TestNG.runSuitesLocally(TestNG.java:1102)
at org.testng.TestNG.runSuites(TestNG.java:1032)
at org.testng.TestNG.run(TestNG.java:1000)
at org.testng.remote.AbstractRemoteTestNG.run(AbstractRemoteTestNG.java:115)
at org.testng.remote.RemoteTestNG.initAndRun(RemoteTestNG.java:251)
at org.testng.remote.RemoteTestNG.main(RemoteTestNG.java:77)
]]>
    </error>
  </testcase> <!-- add_vehicle_test -->
</testsuite> <!-- com.tvsm2.TestCases.AddVehicleTest -->
